[2025-08-23 09:16:59] [INFO    ] discord.client: logging in using static token
[2025-08-23 09:17:00] [DEBUG   ] discord.http: GET https://discord.com/api/v10/users/@me with None has returned 200
[2025-08-23 09:17:00] [DEBUG   ] discord.http: GET /users/@me has found its initial rate limit bucket hash (78bb8553d9352a5a2f89f9def401287a).
[2025-08-23 09:17:00] [DEBUG   ] discord.http: GET https://discord.com/api/v10/users/@me has received {'id': '1407744614152142960', 'username': 'chatting_tutorial', 'avatar': None, 'discriminator': '2695', 'public_flags': 0, 'flags': 0, 'bot': True, 'banner': None, 'accent_color': None, 'global_name': None, 'avatar_decoration_data': None, 'collectibles': None, 'display_name_styles': None, 'banner_color': None, 'clan': None, 'primary_guild': None, 'mfa_enabled': False, 'locale': 'en-US', 'premium_type': 0, 'email': None, 'verified': True, 'bio': ''}
[2025-08-23 09:17:00] [DEBUG   ] discord.http: GET https://discord.com/api/v10/oauth2/applications/@me with None has returned 200
[2025-08-23 09:17:00] [DEBUG   ] discord.http: GET /oauth2/applications/@me has found its initial rate limit bucket hash (d28a133af187e91d71d96a223467ce49).
[2025-08-23 09:17:00] [DEBUG   ] discord.http: GET https://discord.com/api/v10/oauth2/applications/@me has received {'id': '1407744614152142960', 'name': 'youtube_tutorial', 'icon': None, 'description': '', 'type': None, 'bot': {'id': '1407744614152142960', 'username': 'chatting_tutorial', 'avatar': None, 'discriminator': '2695', 'public_flags': 0, 'flags': 0, 'bot': True, 'banner': None, 'accent_color': None, 'global_name': None, 'avatar_decoration_data': None, 'collectibles': None, 'display_name_styles': None, 'banner_color': None, 'clan': None, 'primary_guild': None}, 'summary': '', 'is_monetized': False, 'is_verified': False, 'is_discoverable': False, 'bot_public': True, 'bot_require_code_grant': False, 'install_params': {'scopes': ['applications.commands'], 'permissions': '0'}, 'integration_types_config': {'0': {'oauth2_install_params': {'scopes': ['applications.commands'], 'permissions': '0'}}, '1': {'oauth2_install_params': {'scopes': ['applications.commands'], 'permissions': '0'}}}, 'verify_key': '4c94ff4fb77ae5516871d9f89da5d4230c9fdc6fa24f34d789e19bc742f0d40c', 'flags': 557056, 'hook': True, 'storefront_available': False, 'redirect_uris': [], 'interactions_endpoint_url': None, 'role_connections_verification_url': None, 'owner': {'id': '1263442455060156478', 'username': 'cursor0119', 'avatar': 'c82b3fa769ed6e6ffdea579381ed5f5c', 'discriminator': '0', 'public_flags': 0, 'flags': 0, 'banner': None, 'accent_color': None, 'global_name': 'cursor', 'avatar_decoration_data': None, 'collectibles': None, 'display_name_styles': None, 'banner_color': None, 'clan': None, 'primary_guild': None}, 'approximate_guild_count': 0, 'approximate_user_install_count': 0, 'approximate_user_authorization_count': 0, 'interactions_event_types': [], 'interactions_version': 1, 'explicit_content_filter': 0, 'rpc_application_state': 0, 'store_application_state': 1, 'verification_state': 1, 'integration_public': True, 'integration_require_code_grant': False, 'discoverability_state': 1, 'discovery_eligibility_flags': 224, 'monetization_state': 1, 'verification_eligibility_flags': 91036, 'monetization_eligibility_flags': 181988, 'team': None, 'internal_guild_restriction': 2, 'approved_consoles': []}
[2025-08-23 09:17:01] [DEBUG   ] discord.gateway: Created websocket connected to wss://gateway.discord.gg/
[2025-08-23 09:17:01] [DEBUG   ] discord.gateway: For Shard ID None: WebSocket Event: {'t': None, 's': None, 'op': 10, 'd': {'heartbeat_interval': 41250, '_trace': ['["gateway-prd-arm-us-east1-b-2jjg",{"micros":0.0}]']}}
[2025-08-23 09:17:01] [DEBUG   ] discord.gateway: Shard ID None has sent the IDENTIFY payload.
[2025-08-23 09:17:01] [DEBUG   ] discord.gateway: For Shard ID None: WebSocket Event: {'t': None, 's': None, 'op': 11, 'd': None}
[2025-08-23 09:17:01] [DEBUG   ] discord.gateway: For Shard ID None: WebSocket Event: {'t': 'READY', 's': 1, 'op': 0, 'd': {'v': 10, 'user_settings': {}, 'user': {'verified': True, 'username': 'chatting_tutorial', 'primary_guild': None, 'mfa_enabled': False, 'id': '1407744614152142960', 'global_name': None, 'flags': 0, 'email': None, 'discriminator': '2695', 'clan': None, 'bot': True, 'avatar': None}, 'session_type': 'normal', 'session_id': 'af5eb8ba55808b8fc80b7e7f83d1978e', 'resume_gateway_url': 'wss://gateway-us-east1-b.discord.gg', 'relationships': [], 'private_channels': [], 'presences': [], 'guilds': [], 'guild_join_requests': [], 'geo_ordered_rtc_regions': ['india', 'hongkong', 'singapore', 'dubai', 'japan'], 'game_relationships': [], 'auth': {}, 'application': {'id': '1407744614152142960', 'flags': 557056}, '_trace': ['["gateway-prd-arm-us-east1-b-2jjg",{"micros":75713,"calls":["id_created",{"micros":367,"calls":[]},"session_lookup_time",{"micros":280,"calls":[]},"session_lookup_finished",{"micros":12,"calls":[]},"discord-sessions-prd-2-13",{"micros":74692,"calls":["start_session",{"micros":56284,"calls":["discord-api-continuous-canary-rpc-6f977fbf79-n8r54",{"micros":39150,"calls":["get_user",{"micros":6497},"get_guilds",{"micros":5263},"send_scheduled_deletion_message",{"micros":9},"guild_join_requests",{"micros":1},"authorized_ip_coro",{"micros":7},"pending_payments",{"micros":9724},"apex_experiments",{"micros":1982},"user_activities",{"micros":4},"played_application_ids",{"micros":2}]}]},"starting_guild_connect",{"micros":22,"calls":[]},"presence_started",{"micros":4325,"calls":[]},"guilds_started",{"micros":0,"calls":[]},"lobbies_started",{"micros":1,"calls":[]},"guilds_connect",{"micros":26,"calls":[]},"presence_connect",{"micros":14012,"calls":[]},"connect_finished",{"micros":14041,"calls":[]},"build_ready",{"micros":16,"calls":[]},"clean_ready",{"micros":1,"calls":[]},"optimize_ready",{"micros":0,"calls":[]},"split_ready",{"micros":1,"calls":[]}]}]}]']}}
[2025-08-23 09:17:01] [DEBUG   ] discord.client: Dispatching event socket_event_type
[2025-08-23 09:17:01] [INFO    ] discord.gateway: Shard ID None has connected to Gateway (Session ID: af5eb8ba55808b8fc80b7e7f83d1978e).
[2025-08-23 09:17:01] [DEBUG   ] discord.client: Dispatching event connect
[2025-08-23 09:17:03] [DEBUG   ] discord.client: Dispatching event ready
[2025-08-23 09:17:42] [DEBUG   ] discord.gateway: Keeping shard ID None websocket alive with sequence 1.
[2025-08-23 09:17:42] [DEBUG   ] discord.gateway: For Shard ID None: WebSocket Event: {'t': None, 's': None, 'op': 11, 'd': None}
[2025-08-23 09:18:23] [DEBUG   ] discord.gateway: Keeping shard ID None websocket alive with sequence 1.
[2025-08-23 09:18:24] [DEBUG   ] discord.gateway: For Shard ID None: WebSocket Event: {'t': None, 's': None, 'op': 11, 'd': None}
[2025-08-23 09:19:04] [DEBUG   ] discord.gateway: Keeping shard ID None websocket alive with sequence 1.
[2025-08-23 09:19:05] [DEBUG   ] discord.gateway: For Shard ID None: WebSocket Event: {'t': None, 's': None, 'op': 11, 'd': None}
[2025-08-23 09:19:46] [DEBUG   ] discord.gateway: Keeping shard ID None websocket alive with sequence 1.
[2025-08-23 09:19:46] [DEBUG   ] discord.gateway: For Shard ID None: WebSocket Event: {'t': None, 's': None, 'op': 11, 'd': None}
[2025-08-23 09:20:27] [DEBUG   ] discord.gateway: Keeping shard ID None websocket alive with sequence 1.
[2025-08-23 09:20:27] [DEBUG   ] discord.gateway: For Shard ID None: WebSocket Event: {'t': None, 's': None, 'op': 11, 'd': None}
[2025-08-23 09:21:08] [DEBUG   ] discord.gateway: Keeping shard ID None websocket alive with sequence 1.
[2025-08-23 09:21:09] [DEBUG   ] discord.gateway: For Shard ID None: WebSocket Event: {'t': None, 's': None, 'op': 11, 'd': None}
[2025-08-23 09:21:49] [DEBUG   ] discord.gateway: Keeping shard ID None websocket alive with sequence 1.
[2025-08-23 09:21:50] [DEBUG   ] discord.gateway: For Shard ID None: WebSocket Event: {'t': None, 's': None, 'op': 11, 'd': None}
[2025-08-23 09:22:31] [DEBUG   ] discord.gateway: Keeping shard ID None websocket alive with sequence 1.
[2025-08-23 09:22:31] [DEBUG   ] discord.gateway: For Shard ID None: WebSocket Event: {'t': None, 's': None, 'op': 11, 'd': None}
[2025-08-23 09:23:12] [DEBUG   ] discord.gateway: Keeping shard ID None websocket alive with sequence 1.
[2025-08-23 09:23:12] [DEBUG   ] discord.gateway: For Shard ID None: WebSocket Event: {'t': None, 's': None, 'op': 11, 'd': None}
[2025-08-23 09:23:53] [DEBUG   ] discord.gateway: Keeping shard ID None websocket alive with sequence 1.
[2025-08-23 09:23:54] [DEBUG   ] discord.gateway: For Shard ID None: WebSocket Event: {'t': None, 's': None, 'op': 11, 'd': None}
[2025-08-23 09:24:34] [DEBUG   ] discord.gateway: Keeping shard ID None websocket alive with sequence 1.
[2025-08-23 09:24:35] [DEBUG   ] discord.gateway: For Shard ID None: WebSocket Event: {'t': None, 's': None, 'op': 11, 'd': None}
[2025-08-23 09:25:16] [DEBUG   ] discord.gateway: Keeping shard ID None websocket alive with sequence 1.
[2025-08-23 09:25:16] [DEBUG   ] discord.gateway: For Shard ID None: WebSocket Event: {'t': None, 's': None, 'op': 11, 'd': None}
[2025-08-23 09:25:57] [DEBUG   ] discord.gateway: Keeping shard ID None websocket alive with sequence 1.
[2025-08-23 09:25:57] [DEBUG   ] discord.gateway: For Shard ID None: WebSocket Event: {'t': None, 's': None, 'op': 11, 'd': None}
[2025-08-23 09:26:38] [DEBUG   ] discord.gateway: Keeping shard ID None websocket alive with sequence 1.
[2025-08-23 09:26:39] [DEBUG   ] discord.gateway: For Shard ID None: WebSocket Event: {'t': None, 's': None, 'op': 11, 'd': None}
[2025-08-23 09:27:20] [DEBUG   ] discord.gateway: Keeping shard ID None websocket alive with sequence 1.
[2025-08-23 09:27:20] [DEBUG   ] discord.gateway: For Shard ID None: WebSocket Event: {'t': None, 's': None, 'op': 11, 'd': None}
[2025-08-23 09:28:01] [DEBUG   ] discord.gateway: Keeping shard ID None websocket alive with sequence 1.
[2025-08-23 09:28:01] [DEBUG   ] discord.gateway: For Shard ID None: WebSocket Event: {'t': None, 's': None, 'op': 11, 'd': None}
